<html>
<head>
<title>TestNG:  Test</title>
<link href="../testng.css" rel="stylesheet" type="text/css" />
<link href="../my-testng.css" rel="stylesheet" type="text/css" />

<style type="text/css">
.log { display: none;} 
.stack-trace { display: none;} 
</style>
<script type="text/javascript">
<!--
function flip(e) {
  current = e.style.display;
  if (current == 'block') {
    e.style.display = 'none';
    return 0;
  }
  else {
    e.style.display = 'block';
    return 1;
  }
}

function toggleBox(szDivId, elem, msg1, msg2)
{
  var res = -1;  if (document.getElementById) {
    res = flip(document.getElementById(szDivId));
  }
  else if (document.all) {
    // this is the way old msie versions work
    res = flip(document.all[szDivId]);
  }
  if(elem) {
    if(res == 0) elem.innerHTML = msg1; else elem.innerHTML = msg2;
  }

}

function toggleAllBoxes() {
  if (document.getElementsByTagName) {
    d = document.getElementsByTagName('div');
    for (i = 0; i < d.length; i++) {
      if (d[i].className == 'log') {
        flip(d[i]);
      }
    }
  }
}

// -->
</script>

</head>
<body>
<h2 align='center'>Test</h2><table border='1' align="center">
<tr>
<td>Tests passed/Failed/Skipped:</td><td>0/1/0</td>
</tr><tr>
<td>Started on:</td><td>Wed Feb 05 02:29:23 IST 2020</td>
</tr>
<tr><td>Total time:</td><td>45 seconds (45069 ms)</td>
</tr><tr>
<td>Included groups:</td><td></td>
</tr><tr>
<td>Excluded groups:</td><td></td>
</tr>
</table><p/>
<small><i>(Hover the method name to see the test class name)</i></small><p/>
<table width='100%' border='1' class='invocation-failed'>
<tr><td colspan='4' align='center'><b>FAILED TESTS</b></td></tr>
<tr><td><b>Test method</b></td>
<td width="30%"><b>Exception</b></td>
<td width="10%"><b>Time (seconds)</b></td>
<td><b>Instance</b></td>
</tr>
<tr>
<td title='projects.fox.tests.foxtest.test1()'><b>test1</b><br>Test class: projects.fox.tests.foxtest<br>Test method: EPAY_1<br>Parameters: {TestData8=1, TestData7=8, TestData6=01/22/2020, TestData5=01/22/2020, TestData4=9608.70 - Police Department - Studio: Guards-001, TestData3=8, TestData2=Sick, TestName=test1, TestData1=01/22/2020 - 01/22/2020, TestData10=Awaiting Approval, TestData9=Sick}<br/>
<a href="#Output-2097989776" onClick='toggleBox("Output-2097989776", this, "Show output", "Hide output");'>Show output</a>

<a href="#Output-2097989776" onClick="toggleAllBoxes();">Show all outputs</a>
<div class='log' id="Output-2097989776">
Click on [click_Apply_button]<br /><br/>
Click on [click_Apply_button]<br /><br/>
Click on [click_Apply_button]<br /><br/>
Enter text [01/22/2020 - 01/22/2020] in the [entertext_PTORequest_Dates] Text Box<br /><br/>
Click on [click_Apply_button]<br /><br/>
Click on [click_dropdown_ptorequesttype]<br /><br/>
Enter text [Sick] in the [entertext_ptorequesttype] Text Box<br /><br/>
Click on [click_dropdown_ptorequesttype_sick]<br /><br/>
Enter text [8] in the [entertext_Totalhours] Text Box<br /><br/>
Click on [click_submit_button]<br /><br/>
Get the List of Text from [List_ptohistort_records]<br /><br/>
[assertEquals]: verify Location<br /><br/>
[assertEquals]: Expected [9608.70 - Police Department - Studio: Guards-001] Actual [9608.70 - Police Department - Studio: Guards-001]<br /><br/>
[assertEquals]: verify Start Date<br /><br/>
Assertion failed: expected [01/22/2020] but found [01/30/2020]<br /><br/>
</div>
</td>
<td><div><pre>java.lang.AssertionError: expected [01/22/2020] but found [01/30/2020]
	at com.baseproject.base.BaseTest.assertEquals(BaseTest.java:261)
	at projects.fox.tests.foxtest.test1(foxtest.java:61)
	at java.base/java.util.ArrayList.forEach(ArrayList.java:1507)
... Removed 31 stack frames</pre></div><a href='#' onClick='toggleBox("stack-trace2097989776", this, "Click to show all stack frames", "Click to hide stack frames")'>Click to show all stack frames</a>
<div class='stack-trace' id='stack-trace2097989776'><pre>java.lang.AssertionError: expected [01/22/2020] but found [01/30/2020]
	at org.testng.Assert.fail(Assert.java:97)
	at org.testng.Assert.assertEqualsImpl(Assert.java:136)
	at org.testng.Assert.assertEquals(Assert.java:118)
	at org.testng.Assert.assertEquals(Assert.java:563)
	at com.baseproject.base.BaseTest.assertEquals(BaseTest.java:261)
	at projects.fox.tests.foxtest.test1(foxtest.java:61)
	at java.base/jdk.internal.reflect.NativeMethodAccessorImpl.invoke0(Native Method)
	at java.base/jdk.internal.reflect.NativeMethodAccessorImpl.invoke(NativeMethodAccessorImpl.java:62)
	at java.base/jdk.internal.reflect.DelegatingMethodAccessorImpl.invoke(DelegatingMethodAccessorImpl.java:43)
	at java.base/java.lang.reflect.Method.invoke(Method.java:567)
	at org.testng.internal.MethodInvocationHelper.invokeMethod(MethodInvocationHelper.java:133)
	at org.testng.internal.TestInvoker.invokeMethod(TestInvoker.java:584)
	at org.testng.internal.TestInvoker.invokeTestMethod(TestInvoker.java:172)
	at org.testng.internal.MethodRunner.runInSequence(MethodRunner.java:46)
	at org.testng.internal.TestInvoker$MethodInvocationAgent.invoke(TestInvoker.java:804)
	at org.testng.internal.TestInvoker.invokeTestMethods(TestInvoker.java:145)
	at org.testng.internal.TestMethodWorker.invokeTestMethods(TestMethodWorker.java:146)
	at org.testng.internal.TestMethodWorker.run(TestMethodWorker.java:128)
	at java.base/java.util.ArrayList.forEach(ArrayList.java:1507)
	at org.testng.TestRunner.privateRun(TestRunner.java:770)
	at org.testng.TestRunner.run(TestRunner.java:591)
	at org.testng.SuiteRunner.runTest(SuiteRunner.java:402)
	at org.testng.SuiteRunner.runSequentially(SuiteRunner.java:396)
	at org.testng.SuiteRunner.privateRun(SuiteRunner.java:355)
	at org.testng.SuiteRunner.run(SuiteRunner.java:304)
	at org.testng.SuiteRunnerWorker.runSuite(SuiteRunnerWorker.java:53)
	at org.testng.SuiteRunnerWorker.run(SuiteRunnerWorker.java:96)
	at org.testng.TestNG.runSuitesSequentially(TestNG.java:1180)
	at org.testng.TestNG.runSuitesLocally(TestNG.java:1102)
	at org.testng.TestNG.runSuites(TestNG.java:1032)
	at org.testng.TestNG.run(TestNG.java:1000)
	at org.testng.remote.AbstractRemoteTestNG.run(AbstractRemoteTestNG.java:115)
	at org.testng.remote.RemoteTestNG.initAndRun(RemoteTestNG.java:251)
	at org.testng.remote.RemoteTestNG.main(RemoteTestNG.java:77)
</pre></div></td>
<td>14</td>
<td>projects.fox.tests.foxtest@703580bf</td></tr>
</table><p>
</body>
</html>