<?xml version="1.0" encoding="UTF-8"?>
<testng-results ignored="0" total="1" passed="0" failed="1" skipped="0">
  <reporter-output>
    <line>
      <![CDATA[Exception occurred at init()  <br />]]>
    </line>
    <line>
      <![CDATA[Open the URL [https://test.blueforce.com/FoxQA/Login.aspx?ReturnUrl=%2fFoxQA%2fLogin]<br />]]>
    </line>
    <line>
      <![CDATA[Click on [Company]<br />]]>
    </line>
    <line>
      <![CDATA[Enter text [FOXQALOTS] in the [Company] Text Box<br />]]>
    </line>
    <line>
      <![CDATA[Click on [User Name]<br />]]>
    </line>
    <line>
      <![CDATA[Enter text [ajoshi] in the [User Name] Text Box<br />]]>
    </line>
    <line>
      <![CDATA[Click on [Password]<br />]]>
    </line>
    <line>
      <![CDATA[Enter text [abc12345] in the [Password] Text Box<br />]]>
    </line>
    <line>
      <![CDATA[Click on [Submit]<br />]]>
    </line>
    <line>
      <![CDATA[-----------Test Method [test1] Execution Started-------------<br />]]>
    </line>
    <line>
      <![CDATA[Click on [click_Apply_button]<br />]]>
    </line>
    <line>
      <![CDATA[Click on [click_Apply_button]<br />]]>
    </line>
    <line>
      <![CDATA[Click on [click_Apply_button]<br />]]>
    </line>
    <line>
      <![CDATA[Enter text [01/22/2020 - 01/22/2020] in the [entertext_PTORequest_Dates] Text Box<br />]]>
    </line>
    <line>
      <![CDATA[Click on [click_Apply_button]<br />]]>
    </line>
    <line>
      <![CDATA[Click on [click_dropdown_ptorequesttype]<br />]]>
    </line>
    <line>
      <![CDATA[Enter text [Sick] in the [entertext_ptorequesttype] Text Box<br />]]>
    </line>
    <line>
      <![CDATA[Click on [click_dropdown_ptorequesttype_sick]<br />]]>
    </line>
    <line>
      <![CDATA[Enter text [8] in the [entertext_Totalhours] Text Box<br />]]>
    </line>
    <line>
      <![CDATA[Click on [click_submit_button]<br />]]>
    </line>
    <line>
      <![CDATA[Get the List of Text from [List_ptohistort_records]<br />]]>
    </line>
    <line>
      <![CDATA[[assertEquals]: verify Location<br />]]>
    </line>
    <line>
      <![CDATA[[assertEquals]: Expected [9608.70 - Police Department - Studio: Guards-001] Actual [9608.70 - Police Department - Studio: Guards-001]<br />]]>
    </line>
    <line>
      <![CDATA[[assertEquals]: verify Start Date<br />]]>
    </line>
    <line>
      <![CDATA[Assertion failed: expected [01/22/2020] but found [01/30/2020]<br />]]>
    </line>
    <line>
      <![CDATA[-----------Test Method [test1] Execution Complete-------------<br />]]>
    </line>
    <line>
      <![CDATA[-----------Test Class [foxtest] Execution Completed-----------<br />]]>
    </line>
  </reporter-output>
  <suite started-at="2020-02-05T02:29:23 IST" name="Suite" finished-at="2020-02-05T02:30:08 IST" duration-ms="45069">
    <groups>
    </groups>
    <test started-at="2020-02-05T02:29:23 IST" name="Test" finished-at="2020-02-05T02:30:08 IST" duration-ms="45069">
      <class name="projects.fox.tests.foxtest">
        <test-method is-config="true" signature="preinit()[pri:0, instance:projects.fox.tests.foxtest@703580bf]" started-at="2020-02-05T02:29:22 IST" name="preinit" finished-at="2020-02-05T02:29:23 IST" duration-ms="307" status="PASS">
          <reporter-output>
          </reporter-output>
        </test-method> <!-- preinit -->
        <test-method is-config="true" signature="init(org.testng.ITestContext)[pri:0, instance:projects.fox.tests.foxtest@703580bf]" started-at="2020-02-05T02:29:23 IST" name="init" finished-at="2020-02-05T02:29:30 IST" duration-ms="7147" status="PASS">
          <params>
            <param index="0">
              <value>
                <![CDATA[org.testng.TestRunner@54d8c20d]]>
              </value>
            </param>
          </params>
          <reporter-output>
            <line>
              <![CDATA[Exception occurred at init()  <br />]]>
            </line>
          </reporter-output>
        </test-method> <!-- init -->
        <test-method is-config="true" signature="test()[pri:0, instance:projects.fox.tests.foxtest@703580bf]" started-at="2020-02-05T02:29:30 IST" name="test" finished-at="2020-02-05T02:29:51 IST" duration-ms="21309" status="PASS">
          <reporter-output>
            <line>
              <![CDATA[Open the URL [https://test.blueforce.com/FoxQA/Login.aspx?ReturnUrl=%2fFoxQA%2fLogin]<br />]]>
            </line>
            <line>
              <![CDATA[Click on [Company]<br />]]>
            </line>
            <line>
              <![CDATA[Enter text [FOXQALOTS] in the [Company] Text Box<br />]]>
            </line>
            <line>
              <![CDATA[Click on [User Name]<br />]]>
            </line>
            <line>
              <![CDATA[Enter text [ajoshi] in the [User Name] Text Box<br />]]>
            </line>
            <line>
              <![CDATA[Click on [Password]<br />]]>
            </line>
            <line>
              <![CDATA[Enter text [abc12345] in the [Password] Text Box<br />]]>
            </line>
            <line>
              <![CDATA[Click on [Submit]<br />]]>
            </line>
          </reporter-output>
        </test-method> <!-- test -->
        <test-method is-config="true" signature="extent(java.lang.reflect.Method)[pri:0, instance:projects.fox.tests.foxtest@703580bf]" started-at="2020-02-05T02:29:51 IST" name="extent" finished-at="2020-02-05T02:29:51 IST" duration-ms="7" status="PASS">
          <params>
            <param index="0">
              <value>
                <![CDATA[public void projects.fox.tests.foxtest.test1(java.util.Hashtable) throws java.lang.InterruptedException]]>
              </value>
            </param>
          </params>
          <reporter-output>
            <line>
              <![CDATA[-----------Test Method [test1] Execution Started-------------<br />]]>
            </line>
          </reporter-output>
        </test-method> <!-- extent -->
        <test-method signature="test1(java.util.Hashtable)[pri:0, instance:projects.fox.tests.foxtest@703580bf]" started-at="2020-02-05T02:29:51 IST" name="test1" description="EPAY_1" data-provider="ExcelTestData" finished-at="2020-02-05T02:30:06 IST" duration-ms="14343" status="FAIL">
          <params>
            <param index="0">
              <value>
                <![CDATA[{TestData8=1, TestData7=8, TestData6=01/22/2020, TestData5=01/22/2020, TestData4=9608.70 - Police Department - Studio: Guards-001, TestData3=8, TestData2=Sick, TestName=test1, TestData1=01/22/2020 - 01/22/2020, TestData10=Awaiting Approval, TestData9=Sick}]]>
              </value>
            </param>
          </params>
          <exception class="java.lang.AssertionError">
            <message>
              <![CDATA[expected [01/22/2020] but found [01/30/2020]]]>
            </message>
            <full-stacktrace>
              <![CDATA[java.lang.AssertionError: expected [01/22/2020] but found [01/30/2020]
at org.testng.Assert.fail(Assert.java:97)
at org.testng.Assert.assertEqualsImpl(Assert.java:136)
at org.testng.Assert.assertEquals(Assert.java:118)
at org.testng.Assert.assertEquals(Assert.java:563)
at com.baseproject.base.BaseTest.assertEquals(BaseTest.java:261)
at projects.fox.tests.foxtest.test1(foxtest.java:61)
at java.base/jdk.internal.reflect.NativeMethodAccessorImpl.invoke0(Native Method)
at java.base/jdk.internal.reflect.NativeMethodAccessorImpl.invoke(NativeMethodAccessorImpl.java:62)
at java.base/jdk.internal.reflect.DelegatingMethodAccessorImpl.invoke(DelegatingMethodAccessorImpl.java:43)
at java.base/java.lang.reflect.Method.invoke(Method.java:567)
at org.testng.internal.MethodInvocationHelper.invokeMethod(MethodInvocationHelper.java:133)
at org.testng.internal.TestInvoker.invokeMethod(TestInvoker.java:584)
at org.testng.internal.TestInvoker.invokeTestMethod(TestInvoker.java:172)
at org.testng.internal.MethodRunner.runInSequence(MethodRunner.java:46)
at org.testng.internal.TestInvoker$MethodInvocationAgent.invoke(TestInvoker.java:804)
at org.testng.internal.TestInvoker.invokeTestMethods(TestInvoker.java:145)
at org.testng.internal.TestMethodWorker.invokeTestMethods(TestMethodWorker.java:146)
at org.testng.internal.TestMethodWorker.run(TestMethodWorker.java:128)
at java.base/java.util.ArrayList.forEach(ArrayList.java:1507)
at org.testng.TestRunner.privateRun(TestRunner.java:770)
at org.testng.TestRunner.run(TestRunner.java:591)
at org.testng.SuiteRunner.runTest(SuiteRunner.java:402)
at org.testng.SuiteRunner.runSequentially(SuiteRunner.java:396)
at org.testng.SuiteRunner.privateRun(SuiteRunner.java:355)
at org.testng.SuiteRunner.run(SuiteRunner.java:304)
at org.testng.SuiteRunnerWorker.runSuite(SuiteRunnerWorker.java:53)
at org.testng.SuiteRunnerWorker.run(SuiteRunnerWorker.java:96)
at org.testng.TestNG.runSuitesSequentially(TestNG.java:1180)
at org.testng.TestNG.runSuitesLocally(TestNG.java:1102)
at org.testng.TestNG.runSuites(TestNG.java:1032)
at org.testng.TestNG.run(TestNG.java:1000)
at org.testng.remote.AbstractRemoteTestNG.run(AbstractRemoteTestNG.java:115)
at org.testng.remote.RemoteTestNG.initAndRun(RemoteTestNG.java:251)
at org.testng.remote.RemoteTestNG.main(RemoteTestNG.java:77)
]]>
            </full-stacktrace>
          </exception> <!-- java.lang.AssertionError -->
          <reporter-output>
            <line>
              <![CDATA[Click on [click_Apply_button]<br />]]>
            </line>
            <line>
              <![CDATA[Click on [click_Apply_button]<br />]]>
            </line>
            <line>
              <![CDATA[Click on [click_Apply_button]<br />]]>
            </line>
            <line>
              <![CDATA[Enter text [01/22/2020 - 01/22/2020] in the [entertext_PTORequest_Dates] Text Box<br />]]>
            </line>
            <line>
              <![CDATA[Click on [click_Apply_button]<br />]]>
            </line>
            <line>
              <![CDATA[Click on [click_dropdown_ptorequesttype]<br />]]>
            </line>
            <line>
              <![CDATA[Enter text [Sick] in the [entertext_ptorequesttype] Text Box<br />]]>
            </line>
            <line>
              <![CDATA[Click on [click_dropdown_ptorequesttype_sick]<br />]]>
            </line>
            <line>
              <![CDATA[Enter text [8] in the [entertext_Totalhours] Text Box<br />]]>
            </line>
            <line>
              <![CDATA[Click on [click_submit_button]<br />]]>
            </line>
            <line>
              <![CDATA[Get the List of Text from [List_ptohistort_records]<br />]]>
            </line>
            <line>
              <![CDATA[[assertEquals]: verify Location<br />]]>
            </line>
            <line>
              <![CDATA[[assertEquals]: Expected [9608.70 - Police Department - Studio: Guards-001] Actual [9608.70 - Police Department - Studio: Guards-001]<br />]]>
            </line>
            <line>
              <![CDATA[[assertEquals]: verify Start Date<br />]]>
            </line>
            <line>
              <![CDATA[Assertion failed: expected [01/22/2020] but found [01/30/2020]<br />]]>
            </line>
          </reporter-output>
        </test-method> <!-- test1 -->
        <test-method is-config="true" signature="getResult(org.testng.ITestResult, java.lang.reflect.Method)[pri:0, instance:projects.fox.tests.foxtest@703580bf]" started-at="2020-02-05T02:30:06 IST" name="getResult" finished-at="2020-02-05T02:30:06 IST" duration-ms="669" status="PASS">
          <params>
            <param index="0">
              <value>
                <![CDATA[[TestResult name=test1 status=FAILURE method=foxtest.test1(java.util.Hashtable)[pri:0, instance:projects.fox.tests.foxtest@703580bf] output=Click on [click_Apply_button]<br />]]]>
              </value>
            </param>
            <param index="1">
              <value>
                <![CDATA[public void projects.fox.tests.foxtest.test1(java.util.Hashtable) throws java.lang.InterruptedException]]>
              </value>
            </param>
          </params>
          <reporter-output>
            <line>
              <![CDATA[-----------Test Method [test1] Execution Complete-------------<br />]]>
            </line>
          </reporter-output>
        </test-method> <!-- getResult -->
        <test-method is-config="true" signature="tearDown()[pri:0, instance:projects.fox.tests.foxtest@703580bf]" started-at="2020-02-05T02:30:06 IST" name="tearDown" finished-at="2020-02-05T02:30:08 IST" duration-ms="1377" status="PASS">
          <reporter-output>
            <line>
              <![CDATA[-----------Test Class [foxtest] Execution Completed-----------<br />]]>
            </line>
          </reporter-output>
        </test-method> <!-- tearDown -->
      </class> <!-- projects.fox.tests.foxtest -->
    </test> <!-- Test -->
  </suite> <!-- Suite -->
</testng-results>
